Freq No.:   1
Pol No.:   1
iter	 relres
   1    8.32e-01
   2    5.59e-01
   3    3.95e-01
   4    2.94e-01
   5    2.33e-01
   6    1.93e-01
   7    1.64e-01
   8    1.42e-01
   9    1.23e-01
  10    1.08e-01
  11    9.48e-02
  12    8.38e-02
  13    7.49e-02
  14    6.77e-02
  15    6.16e-02
  16    5.63e-02
  17    5.16e-02
  18    4.77e-02
  19    4.51e-02
  20    4.39e-02
  21    4.37e-02
  22    4.38e-02
  23    4.34e-02
  24    4.19e-02
  25    3.96e-02
  26    3.76e-02
  27    3.66e-02
  28    3.66e-02
  29    3.71e-02
  30    3.73e-02
  31    3.69e-02
  32    3.60e-02
  33    3.47e-02
  34    3.34e-02
  35    3.23e-02
  36    3.15e-02
  37    3.09e-02
  38    3.05e-02
  39    3.01e-02
  40    2.95e-02
  41    2.89e-02
  42    2.86e-02
  43    2.85e-02
  44    2.86e-02
  45    2.87e-02
  46    2.86e-02
  47    2.85e-02
  48    2.86e-02
  49    2.86e-02
  50    2.83e-02
  51    2.80e-02
  52    2.78e-02
  53    2.78e-02
  54    2.76e-02
  55    2.75e-02
  56    2.73e-02
  57    2.72e-02
  58    2.72e-02
  59    2.71e-02
  60    2.70e-02
  61    2.70e-02
  62    2.72e-02
  63    2.74e-02
  64    2.73e-02
  65    2.72e-02
  66    2.73e-02
  67    2.75e-02
  68    2.74e-02
  69    2.72e-02
  70    2.69e-02
  71    2.65e-02
  72    2.60e-02
  73    2.57e-02
  74    2.57e-02
  75    2.57e-02
  76    2.56e-02
  77    2.56e-02
  78    2.56e-02
  79    2.56e-02
  80    2.56e-02
  81    2.56e-02
  82    2.56e-02
  83    2.56e-02
  84    2.56e-02
  85    2.55e-02
  86    2.54e-02
  87    2.52e-02
  88    2.51e-02
  89    2.51e-02
  90    2.50e-02
  91    2.47e-02
  92    2.45e-02
  93    2.44e-02
  94    2.44e-02
  95    2.44e-02
  96    2.43e-02
  97    2.42e-02
  98    2.39e-02
  99    2.33e-02
 100    2.32e-02
 101    2.31e-02
 102    2.18e-02
 103    1.91e-02
 104    1.71e-02
 105    1.57e-02
 106    1.53e-02
 107    1.53e-02
 108    1.53e-02
 109    1.54e-02
 110    1.54e-02
 111    1.55e-02
 112    1.56e-02
 113    1.56e-02
 114    1.55e-02
 115    1.55e-02
 116    1.56e-02
 117    1.56e-02
 118    1.56e-02
 119    1.56e-02
 120    1.56e-02
 121    1.56e-02
 122    1.56e-02
 123    1.55e-02
 124    1.55e-02
 125    1.53e-02
 126    1.46e-02
 127    1.47e-02
 128    1.46e-02
 129    1.45e-02
 130    1.46e-02
 131    1.46e-02
 132    1.46e-02
 133    1.46e-02
 134    1.46e-02
 135    1.45e-02
 136    1.44e-02
 137    1.40e-02
 138    1.40e-02
 139    1.40e-02
 140    1.40e-02
 141    1.40e-02
 142    1.39e-02
 143    1.39e-02
 144    1.38e-02
 145    1.38e-02
 146    1.37e-02
 147    1.36e-02
 148    1.35e-02
 149    1.35e-02
 150    1.31e-02
 151    1.20e-02
 152    1.19e-02
 153    1.18e-02
 154    1.16e-02
 155    1.13e-02
 156    1.13e-02
 157    1.13e-02
 158    1.13e-02
 159    1.03e-02
 160    1.03e-02
 161    9.59e-03
 162    9.06e-03
 163    8.08e-03
 164    7.60e-03
 165    7.55e-03
 166    7.13e-03
 167    7.08e-03
 168    7.07e-03
 169    6.98e-03
 170    6.78e-03
 171    6.77e-03
 172    6.77e-03
 173    6.70e-03
 174    6.53e-03
 175    6.04e-03
 176    6.03e-03
 177    5.77e-03
 178    5.01e-03
 179    4.09e-03
 180    2.73e-03
 181    2.44e-03
 182    2.33e-03
 183    2.32e-03
 184    2.38e-03
 185    2.43e-03
 186    2.43e-03
 187    2.45e-03
 188    2.42e-03
 189    2.44e-03
 190    2.43e-03
 191    2.32e-03
 192    2.28e-03
 193    2.25e-03
 194    2.18e-03
 195    2.18e-03
 196    2.18e-03
 197    2.16e-03
 198    2.05e-03
 199    2.01e-03
 200    1.98e-03
 201    1.96e-03
 202    1.93e-03
 203    1.59e-03
 204    1.52e-03
 205    1.55e-03
 206    1.48e-03
 207    1.15e-03
 208    9.16e-04
 209    8.85e-04
 210    8.80e-04
 211    7.74e-04
 212    7.28e-04
 213    7.12e-04
 214    7.14e-04
 215    6.92e-04
 216    6.85e-04
 217    6.98e-04
 218    6.90e-04
 219    6.90e-04
 220    6.92e-04
 221    6.84e-04
 222    6.84e-04
 223    6.82e-04
 224    6.80e-04
 225    6.71e-04
 226    6.64e-04
 227    6.69e-04
 228    6.50e-04
 229    6.17e-04
 230    5.93e-04
 231    5.93e-04
 232    5.57e-04
 233    5.70e-04
 234    4.86e-04
 235    4.83e-04
 236    4.84e-04
 237    4.85e-04
 238    4.91e-04
 239    4.93e-04
 240    4.88e-04
 241    4.94e-04
 242    4.94e-04
 243    4.94e-04
 244    4.93e-04
 245    4.93e-04
 246    4.91e-04
 247    4.47e-04
 248    4.47e-04
 249    4.35e-04
 250    4.15e-04
 251    4.21e-04
 252    4.16e-04
 253    4.17e-04
 254    4.18e-04
 255    4.21e-04
 256    4.20e-04
 257    4.19e-04
 258    4.10e-04
 259    2.97e-04
 260    2.15e-04
 261    1.99e-04
 262    2.10e-04
 263    2.04e-04
 264    2.05e-04
 265    1.97e-04
 266    1.77e-04
 267    1.78e-04
 268    1.72e-04
 269    1.72e-04
 270    1.71e-04
 271    1.65e-04
 272    1.50e-04
 273    1.43e-04
 274    1.39e-04
 275    1.36e-04
 276    1.37e-04
 277    1.17e-04
 278    7.80e-05
 279    7.10e-05
 280    7.38e-05
 281    7.57e-05
 282    7.65e-05
 283    7.77e-05
 284    7.76e-05
 285    7.75e-05
 286    7.72e-05
 287    7.72e-05
 288    7.60e-05
 289    7.49e-05
 290    7.29e-05
 291    6.95e-05
 292    5.84e-05
 293    5.29e-05
 294    4.87e-05
 295    4.67e-05
 296    4.45e-05
 297    4.39e-05
 298    4.42e-05
 299    4.42e-05
 300    4.44e-05
 301    4.46e-05
 302    4.43e-05
 303    4.31e-05
 304    4.08e-05
 305    3.99e-05
 306    3.38e-05
 307    3.42e-05
 308    3.48e-05
 309    3.45e-05
 310    3.35e-05
 311    3.26e-05
 312    2.83e-05
 313    2.74e-05
 314    2.69e-05
 315    2.59e-05
 316    2.59e-05
 317    2.61e-05
 318    2.62e-05
 319    2.64e-05
 320    2.66e-05
 321    2.63e-05
 322    2.59e-05
 323    2.37e-05
 324    2.14e-05
 325    2.10e-05
 326    2.01e-05
 327    1.61e-05
 328    1.11e-05
 329    8.42e-06
 330    7.96e-06
 331    6.82e-06
 332    5.95e-06
 333    5.89e-06
 334    5.81e-06
 335    5.69e-06
 336    5.63e-06
 337    5.63e-06
 338    5.62e-06
 339    5.45e-06
 340    5.58e-06
 341    5.38e-06
 342    5.23e-06
 343    5.29e-06
 344    5.08e-06
 345    2.47e-06
 346    2.03e-06
 347    2.16e-06
 348    2.19e-06
 349    2.17e-06
 350    2.05e-06
 351    2.08e-06
 352    2.04e-06
 353    2.07e-06
 354    2.08e-06
 355    2.11e-06
 356    2.14e-06
 357    2.13e-06
 358    2.13e-06
 359    2.13e-06
 360    2.12e-06
 361    2.11e-06
 362    2.11e-06
 363    2.11e-06
 364    2.12e-06
 365    2.13e-06
 366    2.13e-06
 367    2.13e-06
 368    2.12e-06
 369    2.11e-06
 370    2.11e-06
 371    2.11e-06
 372    2.11e-06
 373    2.12e-06
 374    2.14e-06
 375    2.14e-06
 376    2.14e-06
 377    2.09e-06
 378    2.09e-06
 379    2.03e-06
 380    2.01e-06
 381    1.89e-06
 382    1.89e-06
 383    1.87e-06
 384    1.86e-06
 385    1.86e-06
 386    1.77e-06
 387    1.78e-06
 388    1.77e-06
 389    1.75e-06
 390    1.60e-06
 391    1.39e-06
 392    1.35e-06
 393    1.35e-06
 394    1.35e-06
 395    1.34e-06
 396    1.32e-06
 397    1.05e-06
 398    8.83e-07
 399    0.00e+00
elapsed time: 417.823 seconds.
