Freq No.:   1
Pol No.:   1
iter	 relres
   1    8.31e-01
   2    5.59e-01
   3    3.96e-01
   4    2.95e-01
   5    2.34e-01
   6    1.93e-01
   7    1.64e-01
   8    1.42e-01
   9    1.24e-01
  10    1.09e-01
  11    9.58e-02
  12    8.50e-02
  13    7.64e-02
  14    6.95e-02
  15    6.39e-02
  16    5.91e-02
  17    5.49e-02
  18    5.16e-02
  19    4.95e-02
  20    4.84e-02
  21    4.82e-02
  22    4.83e-02
  23    4.81e-02
  24    4.69e-02
  25    4.49e-02
  26    4.31e-02
  27    4.20e-02
  28    4.18e-02
  29    4.21e-02
  30    4.24e-02
  31    4.22e-02
  32    4.14e-02
  33    4.02e-02
  34    3.89e-02
  35    3.76e-02
  36    3.64e-02
  37    3.58e-02
  38    3.60e-02
  39    3.60e-02
  40    3.60e-02
  41    3.59e-02
  42    3.59e-02
  43    3.56e-02
  44    3.49e-02
  45    3.36e-02
  46    3.23e-02
  47    3.12e-02
  48    3.04e-02
  49    2.95e-02
  50    2.87e-02
  51    2.81e-02
  52    2.78e-02
  53    2.74e-02
  54    2.68e-02
  55    2.59e-02
  56    2.59e-02
  57    2.63e-02
  58    2.66e-02
  59    2.68e-02
  60    2.69e-02
  61    2.70e-02
  62    2.70e-02
  63    2.70e-02
  64    2.69e-02
  65    2.70e-02
  66    2.71e-02
  67    2.71e-02
  68    2.72e-02
  69    2.72e-02
  70    2.73e-02
  71    2.73e-02
  72    2.72e-02
  73    2.72e-02
  74    2.71e-02
  75    2.69e-02
  76    2.66e-02
  77    2.63e-02
  78    2.62e-02
  79    2.62e-02
  80    2.61e-02
  81    2.60e-02
  82    2.55e-02
  83    2.55e-02
  84    2.55e-02
  85    2.47e-02
  86    2.46e-02
  87    2.45e-02
  88    2.42e-02
  89    2.41e-02
  90    2.38e-02
  91    2.33e-02
  92    2.26e-02
  93    2.25e-02
  94    2.24e-02
  95    2.13e-02
  96    2.12e-02
  97    2.07e-02
  98    1.97e-02
  99    1.93e-02
 100    1.93e-02
 101    1.93e-02
 102    1.93e-02
 103    1.93e-02
 104    1.91e-02
 105    1.90e-02
 106    1.90e-02
 107    1.90e-02
 108    1.87e-02
 109    1.85e-02
 110    1.84e-02
 111    1.83e-02
 112    1.78e-02
 113    1.74e-02
 114    1.65e-02
 115    1.59e-02
 116    1.59e-02
 117    1.58e-02
 118    1.58e-02
 119    1.56e-02
 120    1.56e-02
 121    1.56e-02
 122    1.56e-02
 123    1.56e-02
 124    1.56e-02
 125    1.56e-02
 126    1.56e-02
 127    1.55e-02
 128    1.54e-02
 129    1.54e-02
 130    1.54e-02
 131    1.54e-02
 132    1.54e-02
 133    1.54e-02
 134    1.54e-02
 135    1.54e-02
 136    1.50e-02
 137    1.50e-02
 138    1.47e-02
 139    1.44e-02
 140    1.43e-02
 141    1.43e-02
 142    1.43e-02
 143    1.39e-02
 144    1.38e-02
 145    1.15e-02
 146    1.12e-02
 147    1.10e-02
 148    1.02e-02
 149    9.98e-03
 150    9.82e-03
 151    9.67e-03
 152    9.64e-03
 153    9.41e-03
 154    9.44e-03
 155    9.23e-03
 156    9.03e-03
 157    8.66e-03
 158    7.95e-03
 159    7.76e-03
 160    7.24e-03
 161    7.12e-03
 162    5.53e-03
 163    4.50e-03
 164    3.10e-03
 165    2.97e-03
 166    2.74e-03
 167    2.72e-03
 168    2.75e-03
 169    2.64e-03
 170    2.61e-03
 171    2.69e-03
 172    2.71e-03
 173    2.70e-03
 174    2.71e-03
 175    2.71e-03
 176    2.75e-03
 177    2.71e-03
 178    2.70e-03
 179    2.33e-03
 180    2.17e-03
 181    1.84e-03
 182    1.81e-03
 183    1.70e-03
 184    1.61e-03
 185    1.52e-03
 186    1.48e-03
 187    1.46e-03
 188    1.50e-03
 189    1.49e-03
 190    1.49e-03
 191    1.50e-03
 192    1.51e-03
 193    1.56e-03
 194    1.49e-03
 195    1.56e-03
 196    1.39e-03
 197    1.34e-03
 198    1.33e-03
 199    1.28e-03
 200    1.21e-03
 201    1.10e-03
 202    1.04e-03
 203    8.32e-04
 204    8.13e-04
 205    7.88e-04
 206    7.66e-04
 207    7.50e-04
 208    7.47e-04
 209    7.52e-04
 210    7.51e-04
 211    7.47e-04
 212    7.49e-04
 213    7.52e-04
 214    7.21e-04
 215    6.87e-04
 216    6.98e-04
 217    6.08e-04
 218    6.13e-04
 219    6.17e-04
 220    6.04e-04
 221    6.26e-04
 222    5.86e-04
 223    5.67e-04
 224    5.74e-04
 225    5.36e-04
 226    4.60e-04
 227    3.93e-04
 228    3.88e-04
 229    3.87e-04
 230    3.83e-04
 231    3.62e-04
 232    3.62e-04
 233    3.63e-04
 234    3.47e-04
 235    3.43e-04
 236    3.42e-04
 237    3.42e-04
 238    3.40e-04
 239    3.37e-04
 240    3.32e-04
 241    3.26e-04
 242    3.20e-04
 243    3.15e-04
 244    2.96e-04
 245    2.90e-04
 246    2.89e-04
 247    2.86e-04
 248    2.84e-04
 249    2.85e-04
 250    2.81e-04
 251    2.81e-04
 252    2.76e-04
 253    2.75e-04
 254    2.75e-04
 255    2.75e-04
 256    2.75e-04
 257    2.72e-04
 258    2.71e-04
 259    2.67e-04
 260    2.61e-04
 261    2.58e-04
 262    2.59e-04
 263    2.59e-04
 264    2.58e-04
 265    2.60e-04
 266    2.59e-04
 267    2.57e-04
 268    2.54e-04
 269    2.22e-04
 270    1.70e-04
 271    1.43e-04
 272    1.35e-04
 273    1.29e-04
 274    1.29e-04
 275    1.27e-04
 276    1.26e-04
 277    1.27e-04
 278    1.22e-04
 279    1.18e-04
 280    1.18e-04
 281    1.17e-04
 282    1.14e-04
 283    1.11e-04
 284    9.65e-05
 285    9.31e-05
 286    9.01e-05
 287    7.91e-05
 288    8.39e-05
 289    7.46e-05
 290    7.08e-05
 291    6.72e-05
 292    6.84e-05
 293    7.18e-05
 294    7.25e-05
 295    6.40e-05
 296    6.22e-05
 297    5.78e-05
 298    5.54e-05
 299    5.48e-05
 300    5.53e-05
 301    5.39e-05
 302    3.31e-05
 303    2.79e-05
 304    2.70e-05
 305    2.64e-05
 306    2.43e-05
 307    2.31e-05
 308    2.05e-05
 309    1.55e-05
 310    1.63e-05
 311    1.69e-05
 312    1.67e-05
 313    1.68e-05
 314    1.27e-05
 315    1.05e-05
 316    1.09e-05
 317    1.10e-05
 318    1.12e-05
 319    1.12e-05
 320    1.13e-05
 321    1.13e-05
 322    1.14e-05
 323    1.14e-05
 324    1.15e-05
 325    1.17e-05
 326    1.13e-05
 327    9.18e-06
 328    9.48e-06
 329    6.98e-06
 330    7.22e-06
 331    7.30e-06
 332    7.81e-06
 333    7.97e-06
 334    7.63e-06
 335    7.17e-06
 336    7.06e-06
 337    6.95e-06
 338    6.87e-06
 339    6.68e-06
 340    6.66e-06
 341    6.60e-06
 342    6.48e-06
 343    6.47e-06
 344    6.47e-06
 345    6.48e-06
 346    6.27e-06
 347    6.29e-06
 348    6.09e-06
 349    6.01e-06
 350    6.14e-06
 351    6.09e-06
 352    5.88e-06
 353    5.68e-06
 354    5.69e-06
 355    5.30e-06
 356    4.98e-06
 357    4.83e-06
 358    4.85e-06
 359    5.00e-06
 360    5.07e-06
 361    5.09e-06
 362    5.14e-06
 363    4.76e-06
 364    4.65e-06
 365    4.66e-06
 366    4.66e-06
 367    4.49e-06
 368    4.51e-06
 369    4.62e-06
 370    4.60e-06
 371    4.46e-06
 372    4.55e-06
 373    4.67e-06
 374    4.85e-06
 375    5.04e-06
 376    5.03e-06
 377    5.03e-06
 378    5.05e-06
 379    5.03e-06
 380    5.03e-06
 381    4.70e-06
 382    4.55e-06
 383    4.51e-06
 384    4.48e-06
 385    4.47e-06
 386    4.45e-06
 387    4.38e-06
 388    3.99e-06
 389    3.96e-06
 390    3.95e-06
 391    3.57e-06
 392    3.58e-06
 393    3.55e-06
 394    3.27e-06
 395    3.08e-06
 396    2.85e-06
 397    2.82e-06
 398    2.81e-06
 399    2.63e-06
 400    2.28e-06
 401    2.25e-06
 402    2.14e-06
 403    2.13e-06
 404    2.03e-06
 405    1.57e-06
 406    1.50e-06
 407    1.47e-06
 408    1.41e-06
 409    1.33e-06
 410    1.36e-06
 411    1.03e-06
 412    9.69e-07
 413    0.00e+00
elapsed time: 456.519 seconds.
